2023-08-06 02:02:36.290919 - Initialized conversion of CBT175
2023-08-06 02:02:36.828646 - Received CBT.V505.FILE175.PDS from FILE175.XMI 
2023-08-06 02:02:36.831025 - Found $$$#DATE.txt (text/plain) in CBT.V505.FILE175.PDS, moved to PDS/$$$#DATE
2023-08-06 02:02:36.831955 - Found $$DOC.txt (text/plain) in CBT.V505.FILE175.PDS, moved to PDS/$$DOC
2023-08-06 02:02:36.833021 - Found @FILE175.txt (text/plain) in CBT.V505.FILE175.PDS, moved to PDS/@FILE175
2023-08-06 02:02:36.833989 - Found COVERLET.jcl (text/plain) in CBT.V505.FILE175.PDS, moved to PDS/COVERLET
2023-08-06 02:02:36.834894 - Found DDDEF.jcl (text/plain) in CBT.V505.FILE175.PDS, moved to PDS/DDDEF
2023-08-06 02:02:36.835747 - Found DDDEFDS.jcl (text/plain) in CBT.V505.FILE175.PDS, moved to PDS/DDDEFDS
2023-08-06 02:02:36.836605 - Found EXITU83.txt (text/plain) in CBT.V505.FILE175.PDS, moved to PDS/EXITU83
2023-08-06 02:02:36.837501 - Found FNMU834.txt (text/plain) in CBT.V505.FILE175.PDS, moved to PDS/FNMU834
2023-08-06 02:02:36.838437 - Found IEAVMXIT.txt (text/plain) in CBT.V505.FILE175.PDS, moved to PDS/IEAVMXIT
2023-08-06 02:02:36.839348 - Found IEFACTRT.txt (text/plain) in CBT.V505.FILE175.PDS, moved to PDS/IEFACTRT
2023-08-06 02:02:36.840189 - Found IMSLPA0.txt (text/plain) in CBT.V505.FILE175.PDS, moved to PDS/IMSLPA0
2023-08-06 02:02:36.841076 - Found IPOBASE.txt (text/plain) in CBT.V505.FILE175.PDS, moved to PDS/IPOBASE
2023-08-06 02:02:36.842033 - Found LCDBSV2.txt (text/plain) in CBT.V505.FILE175.PDS, moved to PDS/LCDBSV2
2023-08-06 02:02:36.842914 - Found LCDBSV6.txt (text/plain) in CBT.V505.FILE175.PDS, moved to PDS/LCDBSV6
2023-08-06 02:02:36.843747 - Found LCICS00.jcl (text/plain) in CBT.V505.FILE175.PDS, moved to PDS/LCICS00
2023-08-06 02:02:36.844601 - Found LPACPY1.txt (text/plain) in CBT.V505.FILE175.PDS, moved to PDS/LPACPY1
2023-08-06 02:02:36.845590 - Found LPACPY2.txt (text/plain) in CBT.V505.FILE175.PDS, moved to PDS/LPACPY2
2023-08-06 02:02:36.846483 - Found LPACPY3.txt (text/plain) in CBT.V505.FILE175.PDS, moved to PDS/LPACPY3
2023-08-06 02:02:36.847442 - Found LPACPY4.jcl (text/plain) in CBT.V505.FILE175.PDS, moved to PDS/LPACPY4
2023-08-06 02:02:36.848273 - Found LUT1A001.txt (text/plain) in CBT.V505.FILE175.PDS, moved to PDS/LUT1A001
2023-08-06 02:02:36.849236 - Found NAPC001.txt (text/plain) in CBT.V505.FILE175.PDS, moved to PDS/NAPC001
2023-08-06 02:02:36.850175 - Found NAPF001.txt (text/plain) in CBT.V505.FILE175.PDS, moved to PDS/NAPF001
2023-08-06 02:02:36.851143 - Found NAPF002.txt (text/plain) in CBT.V505.FILE175.PDS, moved to PDS/NAPF002
2023-08-06 02:02:36.851964 - Found NAPHCF1.txt (text/plain) in CBT.V505.FILE175.PDS, moved to PDS/NAPHCF1
2023-08-06 02:02:36.852877 - Found NAPIP01.txt (text/plain) in CBT.V505.FILE175.PDS, moved to PDS/NAPIP01
2023-08-06 02:02:36.853839 - Found NAPIP03.txt (text/plain) in CBT.V505.FILE175.PDS, moved to PDS/NAPIP03
2023-08-06 02:02:36.854774 - Found NAPIP04.txt (text/plain) in CBT.V505.FILE175.PDS, moved to PDS/NAPIP04
2023-08-06 02:02:36.855646 - Found NAPIP05.txt (text/plain) in CBT.V505.FILE175.PDS, moved to PDS/NAPIP05
2023-08-06 02:02:36.856527 - Found NAPIP06.txt (text/plain) in CBT.V505.FILE175.PDS, moved to PDS/NAPIP06
2023-08-06 02:02:36.857453 - Found NAPIP07.txt (text/plain) in CBT.V505.FILE175.PDS, moved to PDS/NAPIP07
2023-08-06 02:02:36.858431 - Found NAPIP08.txt (text/plain) in CBT.V505.FILE175.PDS, moved to PDS/NAPIP08
2023-08-06 02:02:36.859363 - Found NAPIP09.txt (text/plain) in CBT.V505.FILE175.PDS, moved to PDS/NAPIP09
2023-08-06 02:02:36.860272 - Found NAPIP10.txt (text/plain) in CBT.V505.FILE175.PDS, moved to PDS/NAPIP10
2023-08-06 02:02:36.861180 - Found NAPIP11.txt (text/plain) in CBT.V505.FILE175.PDS, moved to PDS/NAPIP11
2023-08-06 02:02:36.862046 - Found NAPIP12.txt (text/plain) in CBT.V505.FILE175.PDS, moved to PDS/NAPIP12
2023-08-06 02:02:36.862964 - Found NAPIP13.txt (text/plain) in CBT.V505.FILE175.PDS, moved to PDS/NAPIP13
2023-08-06 02:02:36.863847 - Found NAPIP14.txt (text/plain) in CBT.V505.FILE175.PDS, moved to PDS/NAPIP14
2023-08-06 02:02:36.864749 - Found NAPIP15.txt (text/plain) in CBT.V505.FILE175.PDS, moved to PDS/NAPIP15
2023-08-06 02:02:36.865770 - Found NAPIP16.txt (text/plain) in CBT.V505.FILE175.PDS, moved to PDS/NAPIP16
2023-08-06 02:02:36.866733 - Found NAPIP17.txt (text/plain) in CBT.V505.FILE175.PDS, moved to PDS/NAPIP17
2023-08-06 02:02:36.867667 - Found NAPIP18.txt (text/plain) in CBT.V505.FILE175.PDS, moved to PDS/NAPIP18
2023-08-06 02:02:36.868635 - Found NAPIP19.txt (text/plain) in CBT.V505.FILE175.PDS, moved to PDS/NAPIP19
2023-08-06 02:02:36.869586 - Found NAPJ001.txt (text/plain) in CBT.V505.FILE175.PDS, moved to PDS/NAPJ001
2023-08-06 02:02:36.870452 - Found NAPJ002.txt (text/plain) in CBT.V505.FILE175.PDS, moved to PDS/NAPJ002
2023-08-06 02:02:36.871317 - Found NAPJ003.txt (text/plain) in CBT.V505.FILE175.PDS, moved to PDS/NAPJ003
2023-08-06 02:02:36.872245 - Found NAPJ004.txt (text/plain) in CBT.V505.FILE175.PDS, moved to PDS/NAPJ004
2023-08-06 02:02:36.873349 - Found NAPJ005.txt (text/plain) in CBT.V505.FILE175.PDS, moved to PDS/NAPJ005
2023-08-06 02:02:36.874292 - Found NAPJ006.txt (text/plain) in CBT.V505.FILE175.PDS, moved to PDS/NAPJ006
2023-08-06 02:02:36.875264 - Found NAPJ007.txt (text/plain) in CBT.V505.FILE175.PDS, moved to PDS/NAPJ007
2023-08-06 02:02:36.876200 - Found NAPMM01.txt (text/plain) in CBT.V505.FILE175.PDS, moved to PDS/NAPMM01
2023-08-06 02:02:36.877080 - Found NAPMM02.txt (text/plain) in CBT.V505.FILE175.PDS, moved to PDS/NAPMM02
2023-08-06 02:02:36.878012 - Found NAPMM04.txt (text/plain) in CBT.V505.FILE175.PDS, moved to PDS/NAPMM04
2023-08-06 02:02:36.878961 - Found NAPMM05.txt (text/plain) in CBT.V505.FILE175.PDS, moved to PDS/NAPMM05
2023-08-06 02:02:36.879893 - Found NAPMM06.txt (text/plain) in CBT.V505.FILE175.PDS, moved to PDS/NAPMM06
2023-08-06 02:02:36.880763 - Found NAPMM07.txt (text/plain) in CBT.V505.FILE175.PDS, moved to PDS/NAPMM07
2023-08-06 02:02:36.882535 - Found NAPMM08.txt (text/plain) in CBT.V505.FILE175.PDS, moved to PDS/NAPMM08
2023-08-06 02:02:36.883513 - Found NAPMM09.txt (text/plain) in CBT.V505.FILE175.PDS, moved to PDS/NAPMM09
2023-08-06 02:02:36.884464 - Found NAPMZ01.txt (text/plain) in CBT.V505.FILE175.PDS, moved to PDS/NAPMZ01
2023-08-06 02:02:36.885417 - Found NAPM001.txt (text/plain) in CBT.V505.FILE175.PDS, moved to PDS/NAPM001
2023-08-06 02:02:36.886327 - Found NAPM002.txt (text/plain) in CBT.V505.FILE175.PDS, moved to PDS/NAPM002
2023-08-06 02:02:36.887311 - Found NAPM003.txt (text/plain) in CBT.V505.FILE175.PDS, moved to PDS/NAPM003
2023-08-06 02:02:36.888313 - Found NAPM011.txt (text/plain) in CBT.V505.FILE175.PDS, moved to PDS/NAPM011
2023-08-06 02:02:36.889239 - Found NAPTM01.txt (text/plain) in CBT.V505.FILE175.PDS, moved to PDS/NAPTM01
2023-08-06 02:02:36.890144 - Found NAPTM02.txt (text/plain) in CBT.V505.FILE175.PDS, moved to PDS/NAPTM02
2023-08-06 02:02:36.891071 - Found NAPT001.txt (text/plain) in CBT.V505.FILE175.PDS, moved to PDS/NAPT001
2023-08-06 02:02:36.891974 - Found NAPT002.txt (text/plain) in CBT.V505.FILE175.PDS, moved to PDS/NAPT002
2023-08-06 02:02:36.892810 - Found NAPT003.txt (text/plain) in CBT.V505.FILE175.PDS, moved to PDS/NAPT003
2023-08-06 02:02:36.893742 - Found NAPT003B.txt (text/plain) in CBT.V505.FILE175.PDS, moved to PDS/NAPT003B
2023-08-06 02:02:36.894621 - Found PUT1A003.txt (text/plain) in CBT.V505.FILE175.PDS, moved to PDS/PUT1A003
2023-08-06 02:02:36.895514 - Found PUT1B033.txt (text/plain) in CBT.V505.FILE175.PDS, moved to PDS/PUT1B033
2023-08-06 02:02:36.896461 - Found SRCADD.txt (text/plain) in CBT.V505.FILE175.PDS, moved to PDS/SRCADD
2023-08-06 02:02:36.897339 - Found SRCADDUS.txt (text/plain) in CBT.V505.FILE175.PDS, moved to PDS/SRCADDUS
2023-08-06 02:02:36.898294 - Found SRCADDXA.txt (text/plain) in CBT.V505.FILE175.PDS, moved to PDS/SRCADDXA
2023-08-06 02:02:36.899235 - Found SVCJARS.jcl (text/plain) in CBT.V505.FILE175.PDS, moved to PDS/SVCJARS
2023-08-06 02:02:36.900182 - Found UM99901.txt (text/plain) in CBT.V505.FILE175.PDS, moved to PDS/UM99901
2023-08-06 02:02:36.901124 - Found XHASP375.txt (text/plain) in CBT.V505.FILE175.PDS, moved to PDS/XHASP375
2023-08-06 02:02:36.902030 - Found XIEF176I.txt (text/plain) in CBT.V505.FILE175.PDS, moved to PDS/XIEF176I
2023-08-06 02:02:36.902890 - Found XIEF238D.txt (text/plain) in CBT.V505.FILE175.PDS, moved to PDS/XIEF238D
2023-08-06 02:02:36.903733 - Found XIEF433D.txt (text/plain) in CBT.V505.FILE175.PDS, moved to PDS/XIEF433D
